Determining if the pthread_create exist failed with the following output:
Change Dir: /home/andre/server-home/myHyparHypar/kahypar/CMakeFiles/CMakeTmp

Run Build Command:"/usr/bin/make" "cmTC_068c2/fast"
/usr/bin/make -f CMakeFiles/cmTC_068c2.dir/build.make CMakeFiles/cmTC_068c2.dir/build
make[1]: Verzeichnis „/home/andre/server-home/myHyparHypar/kahypar/CMakeFiles/CMakeTmp“ wird betreten
Building C object CMakeFiles/cmTC_068c2.dir/CheckSymbolExists.c.o
/usr/bin/cc     -o CMakeFiles/cmTC_068c2.dir/CheckSymbolExists.c.o   -c /home/andre/server-home/myHyparHypar/kahypar/CMakeFiles/CMakeTmp/CheckSymbolExists.c
Linking C executable cmTC_068c2
/usr/bin/cmake -E cmake_link_script CMakeFiles/cmTC_068c2.dir/link.txt --verbose=1
/usr/bin/cc       CMakeFiles/cmTC_068c2.dir/CheckSymbolExists.c.o  -o cmTC_068c2 -rdynamic 
CMakeFiles/cmTC_068c2.dir/CheckSymbolExists.c.o: In Funktion `main':
CheckSymbolExists.c:(.text+0x16): Nicht definierter Verweis auf `pthread_create'
collect2: error: ld returned 1 exit status
CMakeFiles/cmTC_068c2.dir/build.make:97: die Regel für Ziel „cmTC_068c2“ scheiterte
make[1]: *** [cmTC_068c2] Fehler 1
make[1]: Verzeichnis „/home/andre/server-home/myHyparHypar/kahypar/CMakeFiles/CMakeTmp“ wird verlassen
Makefile:126: die Regel für Ziel „cmTC_068c2/fast“ scheiterte
make: *** [cmTC_068c2/fast] Fehler 2

File /home/andre/server-home/myHyparHypar/kahypar/CMakeFiles/CMakeTmp/CheckSymbolExists.c:
/* */
#include <pthread.h>

int main(int argc, char** argv)
{
  (void)argv;
#ifndef pthread_create
  return ((int*)(&pthread_create))[argc];
#else
  (void)argc;
  return 0;
#endif
}

Determining if the function pthread_create exists in the pthreads failed with the following output:
Change Dir: /home/andre/server-home/myHyparHypar/kahypar/CMakeFiles/CMakeTmp

Run Build Command:"/usr/bin/make" "cmTC_d2bfd/fast"
/usr/bin/make -f CMakeFiles/cmTC_d2bfd.dir/build.make CMakeFiles/cmTC_d2bfd.dir/build
make[1]: Verzeichnis „/home/andre/server-home/myHyparHypar/kahypar/CMakeFiles/CMakeTmp“ wird betreten
Building C object CMakeFiles/cmTC_d2bfd.dir/CheckFunctionExists.c.o
/usr/bin/cc    -DCHECK_FUNCTION_EXISTS=pthread_create   -o CMakeFiles/cmTC_d2bfd.dir/CheckFunctionExists.c.o   -c /usr/share/cmake-3.5/Modules/CheckFunctionExists.c
Linking C executable cmTC_d2bfd
/usr/bin/cmake -E cmake_link_script CMakeFiles/cmTC_d2bfd.dir/link.txt --verbose=1
/usr/bin/cc   -DCHECK_FUNCTION_EXISTS=pthread_create    CMakeFiles/cmTC_d2bfd.dir/CheckFunctionExists.c.o  -o cmTC_d2bfd -rdynamic -lpthreads 
/usr/bin/ld: cannot find -lpthreads
collect2: error: ld returned 1 exit status
CMakeFiles/cmTC_d2bfd.dir/build.make:97: die Regel für Ziel „cmTC_d2bfd“ scheiterte
make[1]: *** [cmTC_d2bfd] Fehler 1
make[1]: Verzeichnis „/home/andre/server-home/myHyparHypar/kahypar/CMakeFiles/CMakeTmp“ wird verlassen
Makefile:126: die Regel für Ziel „cmTC_d2bfd/fast“ scheiterte
make: *** [cmTC_d2bfd/fast] Fehler 2


Determining if the pthread_create exist failed with the following output:
Change Dir: /home/andre/server-home/myHyparHypar/kahypar/CMakeFiles/CMakeTmp

Run Build Command:"/usr/bin/make" "cmTC_97253/fast"
/usr/bin/make -f CMakeFiles/cmTC_97253.dir/build.make CMakeFiles/cmTC_97253.dir/build
make[1]: Verzeichnis »/home/andre/server-home/myHyparHypar/kahypar/CMakeFiles/CMakeTmp« wird betreten
Building C object CMakeFiles/cmTC_97253.dir/CheckSymbolExists.c.o
/usr/bin/cc     -o CMakeFiles/cmTC_97253.dir/CheckSymbolExists.c.o   -c /home/andre/server-home/myHyparHypar/kahypar/CMakeFiles/CMakeTmp/CheckSymbolExists.c
Linking C executable cmTC_97253
/usr/local/bin/cmake -E cmake_link_script CMakeFiles/cmTC_97253.dir/link.txt --verbose=1
/usr/bin/cc       CMakeFiles/cmTC_97253.dir/CheckSymbolExists.c.o  -o cmTC_97253 -rdynamic 
CMakeFiles/cmTC_97253.dir/CheckSymbolExists.c.o: In Funktion `main':
CheckSymbolExists.c:(.text+0x16): Nicht definierter Verweis auf `pthread_create'
collect2: error: ld returned 1 exit status
make[1]: *** [cmTC_97253] Fehler 1
make[1]: Verzeichnis »/home/andre/server-home/myHyparHypar/kahypar/CMakeFiles/CMakeTmp« wird verlassen
make: *** [cmTC_97253/fast] Fehler 2

File /home/andre/server-home/myHyparHypar/kahypar/CMakeFiles/CMakeTmp/CheckSymbolExists.c:
/* */
#include <pthread.h>

int main(int argc, char** argv)
{
  (void)argv;
#ifndef pthread_create
  return ((int*)(&pthread_create))[argc];
#else
  (void)argc;
  return 0;
#endif
}

Determining if the function pthread_create exists in the pthreads failed with the following output:
Change Dir: /home/andre/server-home/myHyparHypar/kahypar/CMakeFiles/CMakeTmp

Run Build Command:"/usr/bin/make" "cmTC_3f11e/fast"
/usr/bin/make -f CMakeFiles/cmTC_3f11e.dir/build.make CMakeFiles/cmTC_3f11e.dir/build
make[1]: Verzeichnis »/home/andre/server-home/myHyparHypar/kahypar/CMakeFiles/CMakeTmp« wird betreten
Building C object CMakeFiles/cmTC_3f11e.dir/CheckFunctionExists.c.o
/usr/bin/cc    -DCHECK_FUNCTION_EXISTS=pthread_create   -o CMakeFiles/cmTC_3f11e.dir/CheckFunctionExists.c.o   -c /usr/local/share/cmake-3.7/Modules/CheckFunctionExists.c
Linking C executable cmTC_3f11e
/usr/local/bin/cmake -E cmake_link_script CMakeFiles/cmTC_3f11e.dir/link.txt --verbose=1
/usr/bin/cc   -DCHECK_FUNCTION_EXISTS=pthread_create    CMakeFiles/cmTC_3f11e.dir/CheckFunctionExists.c.o  -o cmTC_3f11e -rdynamic -lpthreads 
/usr/bin/ld: cannot find -lpthreads
collect2: error: ld returned 1 exit status
make[1]: *** [cmTC_3f11e] Fehler 1
make[1]: Verzeichnis »/home/andre/server-home/myHyparHypar/kahypar/CMakeFiles/CMakeTmp« wird verlassen
make: *** [cmTC_3f11e/fast] Fehler 2


Determining if the pthread_create exist failed with the following output:
Change Dir: /home/andre/server-home/myHyparHypar/kahypar/CMakeFiles/CMakeTmp

Run Build Command:"/usr/bin/make" "cmTC_061d2/fast"
/usr/bin/make -f CMakeFiles/cmTC_061d2.dir/build.make CMakeFiles/cmTC_061d2.dir/build
make[1]: Verzeichnis »/home/andre/server-home/myHyparHypar/kahypar/CMakeFiles/CMakeTmp« wird betreten
Building C object CMakeFiles/cmTC_061d2.dir/CheckSymbolExists.c.o
/usr/bin/cc     -o CMakeFiles/cmTC_061d2.dir/CheckSymbolExists.c.o   -c /home/andre/server-home/myHyparHypar/kahypar/CMakeFiles/CMakeTmp/CheckSymbolExists.c
Linking C executable cmTC_061d2
/usr/local/bin/cmake -E cmake_link_script CMakeFiles/cmTC_061d2.dir/link.txt --verbose=1
/usr/bin/cc       CMakeFiles/cmTC_061d2.dir/CheckSymbolExists.c.o  -o cmTC_061d2 -rdynamic 
CMakeFiles/cmTC_061d2.dir/CheckSymbolExists.c.o: In Funktion `main':
CheckSymbolExists.c:(.text+0x16): Nicht definierter Verweis auf `pthread_create'
collect2: error: ld returned 1 exit status
make[1]: *** [cmTC_061d2] Fehler 1
make[1]: Verzeichnis »/home/andre/server-home/myHyparHypar/kahypar/CMakeFiles/CMakeTmp« wird verlassen
make: *** [cmTC_061d2/fast] Fehler 2

File /home/andre/server-home/myHyparHypar/kahypar/CMakeFiles/CMakeTmp/CheckSymbolExists.c:
/* */
#include <pthread.h>

int main(int argc, char** argv)
{
  (void)argv;
#ifndef pthread_create
  return ((int*)(&pthread_create))[argc];
#else
  (void)argc;
  return 0;
#endif
}

Determining if the function pthread_create exists in the pthreads failed with the following output:
Change Dir: /home/andre/server-home/myHyparHypar/kahypar/CMakeFiles/CMakeTmp

Run Build Command:"/usr/bin/make" "cmTC_b2a39/fast"
/usr/bin/make -f CMakeFiles/cmTC_b2a39.dir/build.make CMakeFiles/cmTC_b2a39.dir/build
make[1]: Verzeichnis »/home/andre/server-home/myHyparHypar/kahypar/CMakeFiles/CMakeTmp« wird betreten
Building C object CMakeFiles/cmTC_b2a39.dir/CheckFunctionExists.c.o
/usr/bin/cc    -DCHECK_FUNCTION_EXISTS=pthread_create   -o CMakeFiles/cmTC_b2a39.dir/CheckFunctionExists.c.o   -c /usr/local/share/cmake-3.7/Modules/CheckFunctionExists.c
Linking C executable cmTC_b2a39
/usr/local/bin/cmake -E cmake_link_script CMakeFiles/cmTC_b2a39.dir/link.txt --verbose=1
/usr/bin/cc   -DCHECK_FUNCTION_EXISTS=pthread_create    CMakeFiles/cmTC_b2a39.dir/CheckFunctionExists.c.o  -o cmTC_b2a39 -rdynamic -lpthreads 
/usr/bin/ld: cannot find -lpthreads
collect2: error: ld returned 1 exit status
make[1]: *** [cmTC_b2a39] Fehler 1
make[1]: Verzeichnis »/home/andre/server-home/myHyparHypar/kahypar/CMakeFiles/CMakeTmp« wird verlassen
make: *** [cmTC_b2a39/fast] Fehler 2


