Determining if the pthread_create exist failed with the following output:
Change Dir: /home/andre/server-home/myHyparHypar/kahypar/release/CMakeFiles/CMakeTmp

Run Build Command:"/usr/bin/make" "cmTC_3f8ce/fast"
/usr/bin/make -f CMakeFiles/cmTC_3f8ce.dir/build.make CMakeFiles/cmTC_3f8ce.dir/build
make[1]: Verzeichnis „/home/andre/server-home/myHyparHypar/kahypar/release/CMakeFiles/CMakeTmp“ wird betreten
Building C object CMakeFiles/cmTC_3f8ce.dir/CheckSymbolExists.c.o
/usr/bin/cc     -o CMakeFiles/cmTC_3f8ce.dir/CheckSymbolExists.c.o   -c /home/andre/server-home/myHyparHypar/kahypar/release/CMakeFiles/CMakeTmp/CheckSymbolExists.c
Linking C executable cmTC_3f8ce
/usr/bin/cmake -E cmake_link_script CMakeFiles/cmTC_3f8ce.dir/link.txt --verbose=1
/usr/bin/cc       CMakeFiles/cmTC_3f8ce.dir/CheckSymbolExists.c.o  -o cmTC_3f8ce -rdynamic 
CMakeFiles/cmTC_3f8ce.dir/CheckSymbolExists.c.o: In Funktion `main':
CheckSymbolExists.c:(.text+0x16): Nicht definierter Verweis auf `pthread_create'
collect2: error: ld returned 1 exit status
CMakeFiles/cmTC_3f8ce.dir/build.make:97: die Regel für Ziel „cmTC_3f8ce“ scheiterte
make[1]: *** [cmTC_3f8ce] Fehler 1
make[1]: Verzeichnis „/home/andre/server-home/myHyparHypar/kahypar/release/CMakeFiles/CMakeTmp“ wird verlassen
Makefile:126: die Regel für Ziel „cmTC_3f8ce/fast“ scheiterte
make: *** [cmTC_3f8ce/fast] Fehler 2

File /home/andre/server-home/myHyparHypar/kahypar/release/CMakeFiles/CMakeTmp/CheckSymbolExists.c:
/* */
#include <pthread.h>

int main(int argc, char** argv)
{
  (void)argv;
#ifndef pthread_create
  return ((int*)(&pthread_create))[argc];
#else
  (void)argc;
  return 0;
#endif
}

Determining if the function pthread_create exists in the pthreads failed with the following output:
Change Dir: /home/andre/server-home/myHyparHypar/kahypar/release/CMakeFiles/CMakeTmp

Run Build Command:"/usr/bin/make" "cmTC_23655/fast"
/usr/bin/make -f CMakeFiles/cmTC_23655.dir/build.make CMakeFiles/cmTC_23655.dir/build
make[1]: Verzeichnis „/home/andre/server-home/myHyparHypar/kahypar/release/CMakeFiles/CMakeTmp“ wird betreten
Building C object CMakeFiles/cmTC_23655.dir/CheckFunctionExists.c.o
/usr/bin/cc    -DCHECK_FUNCTION_EXISTS=pthread_create   -o CMakeFiles/cmTC_23655.dir/CheckFunctionExists.c.o   -c /usr/share/cmake-3.5/Modules/CheckFunctionExists.c
Linking C executable cmTC_23655
/usr/bin/cmake -E cmake_link_script CMakeFiles/cmTC_23655.dir/link.txt --verbose=1
/usr/bin/cc   -DCHECK_FUNCTION_EXISTS=pthread_create    CMakeFiles/cmTC_23655.dir/CheckFunctionExists.c.o  -o cmTC_23655 -rdynamic -lpthreads 
/usr/bin/ld: cannot find -lpthreads
collect2: error: ld returned 1 exit status
CMakeFiles/cmTC_23655.dir/build.make:97: die Regel für Ziel „cmTC_23655“ scheiterte
make[1]: *** [cmTC_23655] Fehler 1
make[1]: Verzeichnis „/home/andre/server-home/myHyparHypar/kahypar/release/CMakeFiles/CMakeTmp“ wird verlassen
Makefile:126: die Regel für Ziel „cmTC_23655/fast“ scheiterte
make: *** [cmTC_23655/fast] Fehler 2


Determining if the pthread_create exist failed with the following output:
Change Dir: /home/andre/server-home/myHyparHypar/kahypar/release/CMakeFiles/CMakeTmp

Run Build Command:"/usr/bin/make" "cmTryCompileExec1821541061/fast"
/usr/bin/make -f CMakeFiles/cmTryCompileExec1821541061.dir/build.make CMakeFiles/cmTryCompileExec1821541061.dir/build
make[1]: Verzeichnis »/home/andre/server-home/myHyparHypar/kahypar/release/CMakeFiles/CMakeTmp« wird betreten
/home/andre/server-software/cmake-3.0.1/bin/cmake -E cmake_progress_report /home/andre/server-home/myHyparHypar/kahypar/release/CMakeFiles/CMakeTmp/CMakeFiles 1
Building C object CMakeFiles/cmTryCompileExec1821541061.dir/CheckSymbolExists.c.o
/usr/bin/cc    -o CMakeFiles/cmTryCompileExec1821541061.dir/CheckSymbolExists.c.o   -c /home/andre/server-home/myHyparHypar/kahypar/release/CMakeFiles/CMakeTmp/CheckSymbolExists.c
Linking C executable cmTryCompileExec1821541061
/home/andre/server-software/cmake-3.0.1/bin/cmake -E cmake_link_script CMakeFiles/cmTryCompileExec1821541061.dir/link.txt --verbose=1
/usr/bin/cc       CMakeFiles/cmTryCompileExec1821541061.dir/CheckSymbolExists.c.o  -o cmTryCompileExec1821541061 -rdynamic 
CMakeFiles/cmTryCompileExec1821541061.dir/CheckSymbolExists.c.o: In Funktion `main':
CheckSymbolExists.c:(.text+0x16): Nicht definierter Verweis auf `pthread_create'
collect2: error: ld returned 1 exit status
make[1]: *** [cmTryCompileExec1821541061] Fehler 1
make[1]: Verzeichnis »/home/andre/server-home/myHyparHypar/kahypar/release/CMakeFiles/CMakeTmp« wird verlassen
make: *** [cmTryCompileExec1821541061/fast] Fehler 2

File /home/andre/server-home/myHyparHypar/kahypar/release/CMakeFiles/CMakeTmp/CheckSymbolExists.c:
/* */
#include <pthread.h>

int main(int argc, char** argv)
{
  (void)argv;
#ifndef pthread_create
  return ((int*)(&pthread_create))[argc];
#else
  (void)argc;
  return 0;
#endif
}

Determining if the function pthread_create exists in the pthreads failed with the following output:
Change Dir: /home/andre/server-home/myHyparHypar/kahypar/release/CMakeFiles/CMakeTmp

Run Build Command:"/usr/bin/make" "cmTryCompileExec3780204660/fast"
/usr/bin/make -f CMakeFiles/cmTryCompileExec3780204660.dir/build.make CMakeFiles/cmTryCompileExec3780204660.dir/build
make[1]: Verzeichnis »/home/andre/server-home/myHyparHypar/kahypar/release/CMakeFiles/CMakeTmp« wird betreten
/home/andre/server-software/cmake-3.0.1/bin/cmake -E cmake_progress_report /home/andre/server-home/myHyparHypar/kahypar/release/CMakeFiles/CMakeTmp/CMakeFiles 1
Building C object CMakeFiles/cmTryCompileExec3780204660.dir/CheckFunctionExists.c.o
/usr/bin/cc   -DCHECK_FUNCTION_EXISTS=pthread_create   -o CMakeFiles/cmTryCompileExec3780204660.dir/CheckFunctionExists.c.o   -c /home/andre/server-software/cmake-3.0.1/share/cmake-3.0/Modules/CheckFunctionExists.c
Linking C executable cmTryCompileExec3780204660
/home/andre/server-software/cmake-3.0.1/bin/cmake -E cmake_link_script CMakeFiles/cmTryCompileExec3780204660.dir/link.txt --verbose=1
/usr/bin/cc   -DCHECK_FUNCTION_EXISTS=pthread_create    CMakeFiles/cmTryCompileExec3780204660.dir/CheckFunctionExists.c.o  -o cmTryCompileExec3780204660 -rdynamic -lpthreads 
/usr/bin/ld: cannot find -lpthreads
collect2: error: ld returned 1 exit status
make[1]: *** [cmTryCompileExec3780204660] Fehler 1
make[1]: Verzeichnis »/home/andre/server-home/myHyparHypar/kahypar/release/CMakeFiles/CMakeTmp« wird verlassen
make: *** [cmTryCompileExec3780204660/fast] Fehler 2


Determining if the pthread_create exist failed with the following output:
Change Dir: /home/andre/server-home/myHyparHypar/kahypar/release/CMakeFiles/CMakeTmp

Run Build Command:"/usr/bin/make" "cmTC_445c9/fast"
/usr/bin/make -f CMakeFiles/cmTC_445c9.dir/build.make CMakeFiles/cmTC_445c9.dir/build
make[1]: Verzeichnis »/home/andre/server-home/myHyparHypar/kahypar/release/CMakeFiles/CMakeTmp« wird betreten
Building C object CMakeFiles/cmTC_445c9.dir/CheckSymbolExists.c.o
/usr/bin/cc     -o CMakeFiles/cmTC_445c9.dir/CheckSymbolExists.c.o   -c /home/andre/server-home/myHyparHypar/kahypar/release/CMakeFiles/CMakeTmp/CheckSymbolExists.c
Linking C executable cmTC_445c9
/usr/local/bin/cmake -E cmake_link_script CMakeFiles/cmTC_445c9.dir/link.txt --verbose=1
/usr/bin/cc       CMakeFiles/cmTC_445c9.dir/CheckSymbolExists.c.o  -o cmTC_445c9 -rdynamic 
CMakeFiles/cmTC_445c9.dir/CheckSymbolExists.c.o: In Funktion `main':
CheckSymbolExists.c:(.text+0x16): Nicht definierter Verweis auf `pthread_create'
collect2: error: ld returned 1 exit status
make[1]: *** [cmTC_445c9] Fehler 1
make[1]: Verzeichnis »/home/andre/server-home/myHyparHypar/kahypar/release/CMakeFiles/CMakeTmp« wird verlassen
make: *** [cmTC_445c9/fast] Fehler 2

File /home/andre/server-home/myHyparHypar/kahypar/release/CMakeFiles/CMakeTmp/CheckSymbolExists.c:
/* */
#include <pthread.h>

int main(int argc, char** argv)
{
  (void)argv;
#ifndef pthread_create
  return ((int*)(&pthread_create))[argc];
#else
  (void)argc;
  return 0;
#endif
}

Determining if the function pthread_create exists in the pthreads failed with the following output:
Change Dir: /home/andre/server-home/myHyparHypar/kahypar/release/CMakeFiles/CMakeTmp

Run Build Command:"/usr/bin/make" "cmTC_9ad50/fast"
/usr/bin/make -f CMakeFiles/cmTC_9ad50.dir/build.make CMakeFiles/cmTC_9ad50.dir/build
make[1]: Verzeichnis »/home/andre/server-home/myHyparHypar/kahypar/release/CMakeFiles/CMakeTmp« wird betreten
Building C object CMakeFiles/cmTC_9ad50.dir/CheckFunctionExists.c.o
/usr/bin/cc    -DCHECK_FUNCTION_EXISTS=pthread_create   -o CMakeFiles/cmTC_9ad50.dir/CheckFunctionExists.c.o   -c /usr/local/share/cmake-3.7/Modules/CheckFunctionExists.c
Linking C executable cmTC_9ad50
/usr/local/bin/cmake -E cmake_link_script CMakeFiles/cmTC_9ad50.dir/link.txt --verbose=1
/usr/bin/cc   -DCHECK_FUNCTION_EXISTS=pthread_create    CMakeFiles/cmTC_9ad50.dir/CheckFunctionExists.c.o  -o cmTC_9ad50 -rdynamic -lpthreads 
/usr/bin/ld: cannot find -lpthreads
collect2: error: ld returned 1 exit status
make[1]: *** [cmTC_9ad50] Fehler 1
make[1]: Verzeichnis »/home/andre/server-home/myHyparHypar/kahypar/release/CMakeFiles/CMakeTmp« wird verlassen
make: *** [cmTC_9ad50/fast] Fehler 2


Determining if the pthread_create exist failed with the following output:
Change Dir: /home/andre/server-home/myHyparHypar/kahypar/release/CMakeFiles/CMakeTmp

Run Build Command:"/usr/bin/make" "cmTC_6f4fc/fast"
/usr/bin/make -f CMakeFiles/cmTC_6f4fc.dir/build.make CMakeFiles/cmTC_6f4fc.dir/build
make[1]: Verzeichnis »/home/andre/server-home/myHyparHypar/kahypar/release/CMakeFiles/CMakeTmp« wird betreten
Building C object CMakeFiles/cmTC_6f4fc.dir/CheckSymbolExists.c.o
/usr/bin/cc     -o CMakeFiles/cmTC_6f4fc.dir/CheckSymbolExists.c.o   -c /home/andre/server-home/myHyparHypar/kahypar/release/CMakeFiles/CMakeTmp/CheckSymbolExists.c
Linking C executable cmTC_6f4fc
/usr/local/bin/cmake -E cmake_link_script CMakeFiles/cmTC_6f4fc.dir/link.txt --verbose=1
/usr/bin/cc       CMakeFiles/cmTC_6f4fc.dir/CheckSymbolExists.c.o  -o cmTC_6f4fc -rdynamic 
CMakeFiles/cmTC_6f4fc.dir/CheckSymbolExists.c.o: In Funktion `main':
CheckSymbolExists.c:(.text+0x16): Nicht definierter Verweis auf `pthread_create'
collect2: error: ld returned 1 exit status
make[1]: *** [cmTC_6f4fc] Fehler 1
make[1]: Verzeichnis »/home/andre/server-home/myHyparHypar/kahypar/release/CMakeFiles/CMakeTmp« wird verlassen
make: *** [cmTC_6f4fc/fast] Fehler 2

File /home/andre/server-home/myHyparHypar/kahypar/release/CMakeFiles/CMakeTmp/CheckSymbolExists.c:
/* */
#include <pthread.h>

int main(int argc, char** argv)
{
  (void)argv;
#ifndef pthread_create
  return ((int*)(&pthread_create))[argc];
#else
  (void)argc;
  return 0;
#endif
}

Determining if the function pthread_create exists in the pthreads failed with the following output:
Change Dir: /home/andre/server-home/myHyparHypar/kahypar/release/CMakeFiles/CMakeTmp

Run Build Command:"/usr/bin/make" "cmTC_a208e/fast"
/usr/bin/make -f CMakeFiles/cmTC_a208e.dir/build.make CMakeFiles/cmTC_a208e.dir/build
make[1]: Verzeichnis »/home/andre/server-home/myHyparHypar/kahypar/release/CMakeFiles/CMakeTmp« wird betreten
Building C object CMakeFiles/cmTC_a208e.dir/CheckFunctionExists.c.o
/usr/bin/cc    -DCHECK_FUNCTION_EXISTS=pthread_create   -o CMakeFiles/cmTC_a208e.dir/CheckFunctionExists.c.o   -c /usr/local/share/cmake-3.7/Modules/CheckFunctionExists.c
Linking C executable cmTC_a208e
/usr/local/bin/cmake -E cmake_link_script CMakeFiles/cmTC_a208e.dir/link.txt --verbose=1
/usr/bin/cc   -DCHECK_FUNCTION_EXISTS=pthread_create    CMakeFiles/cmTC_a208e.dir/CheckFunctionExists.c.o  -o cmTC_a208e -rdynamic -lpthreads 
/usr/bin/ld: cannot find -lpthreads
collect2: error: ld returned 1 exit status
make[1]: *** [cmTC_a208e] Fehler 1
make[1]: Verzeichnis »/home/andre/server-home/myHyparHypar/kahypar/release/CMakeFiles/CMakeTmp« wird verlassen
make: *** [cmTC_a208e/fast] Fehler 2


